\BOOKMARK [0][-]{section*.7}{\315ndice\040general}{}% 1
\BOOKMARK [0][-]{section*.8}{\315ndice\040de\040tablas}{}% 2
\BOOKMARK [0][-]{section*.9}{\315ndice\040de\040figuras}{}% 3
\BOOKMARK [0][-]{chapter.1}{Introducci\363n}{}% 4
\BOOKMARK [1][-]{section.1.1}{Motivaci\363n\040del\040proyecto}{chapter.1}% 5
\BOOKMARK [1][-]{section.1.2}{Objetivos}{chapter.1}% 6
\BOOKMARK [2][-]{subsection.1.2.1}{Streaming}{section.1.2}% 7
\BOOKMARK [2][-]{subsection.1.2.2}{Movimiento\040de\040la\040c\341mara}{section.1.2}% 8
\BOOKMARK [2][-]{subsection.1.2.3}{Visualizaci\363n\040del\040entorno}{section.1.2}% 9
\BOOKMARK [1][-]{section.1.3}{Estructura\040del\040documento}{chapter.1}% 10
\BOOKMARK [0][-]{chapter.2}{Estado\040del\040arte}{}% 11
\BOOKMARK [1][-]{section.2.1}{Evoluci\363n\040hist\363rica\040de\040la\040realidad\040virtual}{chapter.2}% 12
\BOOKMARK [1][-]{section.2.2}{Realidad\040virtual\040y\040salud}{chapter.2}% 13
\BOOKMARK [1][-]{section.2.3}{Rob\363tica\040y\040realidad\040virtual.}{chapter.2}% 14
\BOOKMARK [0][-]{chapter.3}{An\341lisis}{}% 15
\BOOKMARK [1][-]{section.3.1}{Requisitos\040Funcionales}{chapter.3}% 16
\BOOKMARK [2][-]{subsection.3.1.1}{Construcci\363n\040del\040Robot}{section.3.1}% 17
\BOOKMARK [2][-]{subsection.3.1.2}{Streaming}{section.3.1}% 18
\BOOKMARK [2][-]{subsection.3.1.3}{Control\040del\040Robot}{section.3.1}% 19
\BOOKMARK [1][-]{section.3.2}{Requisitos\040no\040funcionales}{chapter.3}% 20
\BOOKMARK [0][-]{chapter.4}{Dise\361o}{}% 21
\BOOKMARK [1][-]{section.4.1}{Dise\361o\040del\040robot}{chapter.4}% 22
\BOOKMARK [2][-]{subsection.4.1.1}{Raspberry\040Pi\0403\040model\040B}{section.4.1}% 23
\BOOKMARK [2][-]{subsection.4.1.2}{Servo\040motores}{section.4.1}% 24
\BOOKMARK [2][-]{subsection.4.1.3}{C\341mara}{section.4.1}% 25
\BOOKMARK [1][-]{section.4.2}{Router}{chapter.4}% 26
\BOOKMARK [1][-]{section.4.3}{Oculus\040Rift}{chapter.4}% 27
\BOOKMARK [2][-]{subsection.4.3.1}{Detecci\363n\040de\040la\040orientaci\363n}{section.4.3}% 28
\BOOKMARK [1][-]{section.4.4}{Dise\361o\040de\040conexiones}{chapter.4}% 29
\BOOKMARK [0][-]{chapter.5}{Desarrollo\040e\040implementaci\363n}{}% 30
\BOOKMARK [1][-]{subsection.5.0.1}{Construcci\363n\040del\040Robot}{chapter.5}% 31
\BOOKMARK [2][-]{section*.24}{Soporte\040de\040la\040c\341mara}{subsection.5.0.1}% 32
\BOOKMARK [2][-]{subsection.5.0.2}{Streaming}{subsection.5.0.1}% 33
\BOOKMARK [3][-]{section*.27}{Raspberry\040Pi3}{subsection.5.0.2}% 34
\BOOKMARK [3][-]{section*.31}{Ordenador}{subsection.5.0.2}% 35
\BOOKMARK [2][-]{subsection.5.0.3}{Control\040del\040Robot}{subsection.5.0.1}% 36
\BOOKMARK [3][-]{section*.41}{Control\040de\040los\040motores\040de\040las\040ruedas\040del\040robot}{subsection.5.0.3}% 37
\BOOKMARK [3][-]{section*.42}{Control\040del\040motor\040de\040la\040c\341mara\040del\040robot}{subsection.5.0.3}% 38
\BOOKMARK [3][-]{section*.44}{Instrucciones\040de\040mando}{subsection.5.0.3}% 39
\BOOKMARK [0][-]{chapter.6}{Pruebas\040y\040Resultados}{}% 40
\BOOKMARK [1][-]{section.6.1}{Latencia\040de\040recepci\363n\040de\040comandos}{chapter.6}% 41
\BOOKMARK [1][-]{section.6.2}{Feedback\040de\040los\040usuarios}{chapter.6}% 42
\BOOKMARK [0][-]{chapter.7}{Conclusiones\040y\040trabajo\040futuro}{}% 43
\BOOKMARK [1][-]{section.7.1}{Conclusiones}{chapter.7}% 44
\BOOKMARK [2][-]{subsection.7.1.1}{Tecnolog\355as\040aprendidas}{section.7.1}% 45
\BOOKMARK [1][-]{section.7.2}{Trabajo\040futuro}{chapter.7}% 46
\BOOKMARK [0][-]{section*.53}{Bibliograf\355a}{}% 47
