\BOOKMARK [0][-]{section*.7}{\315ndice\040general}{}% 1
\BOOKMARK [0][-]{section*.8}{\315ndice\040de\040tablas}{}% 2
\BOOKMARK [0][-]{section*.9}{\315ndice\040de\040figuras}{}% 3
\BOOKMARK [0][-]{chapter.1}{Introducci\363n}{}% 4
\BOOKMARK [1][-]{section.1.1}{Motivaci\363n\040del\040proyecto}{chapter.1}% 5
\BOOKMARK [1][-]{section.1.2}{Objetivos}{chapter.1}% 6
\BOOKMARK [1][-]{section.1.3}{Estructura\040del\040documento}{chapter.1}% 7
\BOOKMARK [0][-]{chapter.2}{Estado\040del\040arte}{}% 8
\BOOKMARK [1][-]{section.2.1}{Introducci\363n}{chapter.2}% 9
\BOOKMARK [1][-]{section.2.2}{Realidad\040virtual\040y\040salud}{chapter.2}% 10
\BOOKMARK [1][-]{section.2.3}{Rob\363tica\040y\040realidad\040virtual.}{chapter.2}% 11
\BOOKMARK [0][-]{chapter.3}{An\341lisis,\040dise\361o\040y\040desarrollo}{}% 12
\BOOKMARK [1][-]{section.3.1}{An\341lisis}{chapter.3}% 13
\BOOKMARK [2][-]{subsection.3.1.1}{Requisitos\040Funcionales}{section.3.1}% 14
\BOOKMARK [3][-]{section*.10}{Construcci\363n\040del\040Robot}{subsection.3.1.1}% 15
\BOOKMARK [3][-]{section*.11}{Streaming}{subsection.3.1.1}% 16
\BOOKMARK [3][-]{section*.12}{Control\040del\040Robot}{subsection.3.1.1}% 17
\BOOKMARK [2][-]{subsection.3.1.2}{Requisitos\040no\040funcionales}{section.3.1}% 18
\BOOKMARK [1][-]{section.3.2}{Dise\361o}{chapter.3}% 19
\BOOKMARK [2][-]{subsection.3.2.1}{Dise\361o\040del\040robot}{section.3.2}% 20
\BOOKMARK [3][-]{section*.13}{Raspberry\040Pi\0403\040model\040B}{subsection.3.2.1}% 21
\BOOKMARK [3][-]{section*.15}{Servo\040motores}{subsection.3.2.1}% 22
\BOOKMARK [3][-]{section*.18}{C\341mara}{subsection.3.2.1}% 23
\BOOKMARK [2][-]{subsection.3.2.2}{Router}{section.3.2}% 24
\BOOKMARK [2][-]{subsection.3.2.3}{Oculus\040Rift}{section.3.2}% 25
\BOOKMARK [3][-]{section*.22}{Detecci\363n\040de\040la\040orientaci\363n}{subsection.3.2.3}% 26
\BOOKMARK [2][-]{subsection.3.2.4}{Dise\361o\040de\040conexiones}{section.3.2}% 27
\BOOKMARK [1][-]{section.3.3}{Desarrollo\040e\040implementaci\363n}{chapter.3}% 28
\BOOKMARK [2][-]{subsection.3.3.1}{Construcci\363n\040del\040Robot}{section.3.3}% 29
\BOOKMARK [3][-]{section*.27}{Soporte\040de\040la\040c\341mara}{subsection.3.3.1}% 30
\BOOKMARK [2][-]{subsection.3.3.2}{Streaming}{section.3.3}% 31
\BOOKMARK [3][-]{section*.30}{Raspberry\040Pi3}{subsection.3.3.2}% 32
\BOOKMARK [3][-]{section*.34}{Ordenador}{subsection.3.3.2}% 33
\BOOKMARK [2][-]{subsection.3.3.3}{Control\040del\040Robot}{section.3.3}% 34
\BOOKMARK [3][-]{section*.45}{Control\040de\040los\040motores\040de\040las\040ruedas\040del\040robot}{subsection.3.3.3}% 35
\BOOKMARK [3][-]{section*.46}{Control\040del\040motor\040de\040la\040c\341mara\040del\040robot}{subsection.3.3.3}% 36
\BOOKMARK [3][-]{section*.48}{Instruccines\040de\040mando}{subsection.3.3.3}% 37
\BOOKMARK [0][-]{chapter.4}{Pruebas\040y\040Resultados}{}% 38
\BOOKMARK [1][-]{section.4.1}{Latencia\040de\040recepci\363n\040de\040comandos}{chapter.4}% 39
\BOOKMARK [1][-]{section.4.2}{Feedback\040de\040los\040usuarios}{chapter.4}% 40
\BOOKMARK [0][-]{chapter.5}{Conclusiones\040y\040trabajo\040futuro}{}% 41
\BOOKMARK [1][-]{section.5.1}{Conclusiones}{chapter.5}% 42
\BOOKMARK [2][-]{subsection.5.1.1}{Tecnolog\355as\040aprendidas}{section.5.1}% 43
\BOOKMARK [1][-]{section.5.2}{Trabajo\040futuro}{chapter.5}% 44
\BOOKMARK [0][-]{section*.57}{Bibliograf\355a}{}% 45
